2023-10-26 11:51:38.787 [info] Extension host with pid 59286 started
2023-10-26 11:51:38.975 [info] ExtensionService#_doActivateExtension vscode.git-base, startup: true, activationEvent: '*', root cause: vscode.git
2023-10-26 11:51:39.087 [info] ExtensionService#_doActivateExtension vscode.git, startup: true, activationEvent: '*'
2023-10-26 11:51:39.220 [info] ExtensionService#_doActivateExtension vscode.github, startup: true, activationEvent: '*'
2023-10-26 11:51:39.375 [info] Eager extensions activated
2023-10-26 11:51:39.387 [info] ExtensionService#_doActivateExtension vscode.debug-auto-launch, startup: false, activationEvent: 'onStartupFinished'
2023-10-26 11:51:39.392 [info] ExtensionService#_doActivateExtension vscode.merge-conflict, startup: false, activationEvent: 'onStartupFinished'
2023-10-26 12:06:11.846 [info] Extension host terminating: renderer closed the MessagePort
2023-10-26 12:06:11.859 [info] Extension host with pid 59286 exiting with code 0
2023-10-26 12:06:12.798 [info] Extension host with pid 59501 started
2023-10-26 12:06:12.799 [info] Skipping acquiring lock for /home/attackfence/.config/Code/User/workspaceStorage/d4f63beccb9e2ea4cd5d176adbdba801.
2023-10-26 12:06:12.824 [info] ExtensionService#_doActivateExtension vscode.git-base, startup: true, activationEvent: '*'
2023-10-26 12:06:12.873 [info] ExtensionService#_doActivateExtension vscode.github, startup: true, activationEvent: '*'
2023-10-26 12:06:12.890 [info] Eager extensions activated
2023-10-26 12:06:12.968 [info] ExtensionService#_doActivateExtension vscode.debug-auto-launch, startup: false, activationEvent: 'onStartupFinished'
2023-10-26 12:06:12.971 [info] ExtensionService#_doActivateExtension vscode.merge-conflict, startup: false, activationEvent: 'onStartupFinished'
2023-10-26 12:06:15.495 [info] ExtensionService#_doActivateExtension vscode.git, startup: false, activationEvent: 'api', root cause: vscode.github
2023-10-26 12:14:18.912 [info] ExtensionService#_doActivateExtension vscode.emmet, startup: false, activationEvent: 'onLanguage'
2023-10-26 12:15:37.119 [info] ExtensionService#_doActivateExtension qwtel.sqlite-viewer, startup: false, activationEvent: 'onCustomEditor:sqlite-viewer.option'
2023-10-26 12:16:21.419 [info] ExtensionService#_doActivateExtension vscode.json-language-features, startup: false, activationEvent: 'onLanguage:jsonc'
2023-10-26 12:16:21.495 [info] ExtensionService#_doActivateExtension vscode.typescript-language-features, startup: false, activationEvent: 'onLanguage:jsonc'
2023-10-26 12:20:11.329 [info] ExtensionService#_doActivateExtension vscode.npm, startup: false, activationEvent: 'onTerminalQuickFixRequest:ms-vscode.npm-command'
