2023-10-26 11:51:37.917 [info] Added views:workbench.panel.markers.view in workbench.panel.markers
2023-10-26 11:51:37.917 [info] Added views:workbench.panel.output in workbench.panel.output
2023-10-26 11:51:37.917 [info] Added views:terminal in terminal
2023-10-26 11:51:37.917 [info] Added views:outline in workbench.view.explorer
2023-10-26 11:51:37.917 [info] Added views:workbench.scm in workbench.view.scm
2023-10-26 11:51:37.917 [info] Added views:workbench.view.search in workbench.view.search
2023-10-26 11:51:37.917 [info] Added views:timeline in workbench.view.explorer
2023-10-26 11:51:37.917 [info] Added views:workbench.explorer.emptyView in workbench.view.explorer
2023-10-26 11:51:38.081 [info] Added views:workbench.debug.variablesView,workbench.debug.watchExpressionsView,workbench.debug.callStackView,workbench.debug.breakPointsView in workbench.view.debug
2023-10-26 11:51:38.843 [info] Added views:~remote.forwardedPorts in ~remote.forwardedPortsContainer
2023-10-26 11:51:38.970 [info] Added views:workbench.panel.repl.view in workbench.panel.repl
2023-10-26 11:51:38.972 [info] Removed views:workbench.debug.breakPointsView,workbench.debug.callStackView,workbench.debug.watchExpressionsView,workbench.debug.variablesView from workbench.view.debug
2023-10-26 11:51:38.973 [info] Added views:workbench.debug.welcome in workbench.view.debug
2023-10-26 12:06:12.314 [info] Added views:workbench.panel.markers.view in workbench.panel.markers
2023-10-26 12:06:12.314 [info] Added views:workbench.panel.output in workbench.panel.output
2023-10-26 12:06:12.314 [info] Added views:terminal in terminal
2023-10-26 12:06:12.314 [info] Added views:outline in workbench.view.explorer
2023-10-26 12:06:12.314 [info] Added views:workbench.scm in workbench.view.scm
2023-10-26 12:06:12.314 [info] Added views:workbench.view.search in workbench.view.search
2023-10-26 12:06:12.314 [info] Added views:timeline in workbench.view.explorer
2023-10-26 12:06:12.314 [info] Added views:workbench.explorer.fileView in workbench.view.explorer
2023-10-26 12:06:12.664 [info] Added views:workbench.debug.variablesView,workbench.debug.watchExpressionsView,workbench.debug.callStackView,workbench.debug.breakPointsView in workbench.view.debug
2023-10-26 12:06:12.821 [info] Added views:workbench.panel.repl.view in workbench.panel.repl
2023-10-26 12:06:12.822 [info] Removed views:workbench.debug.breakPointsView,workbench.debug.callStackView,workbench.debug.watchExpressionsView,workbench.debug.variablesView from workbench.view.debug
2023-10-26 12:06:12.823 [info] Added views:workbench.debug.welcome in workbench.view.debug
2023-10-26 12:06:12.855 [info] Added views:~remote.forwardedPorts in ~remote.forwardedPortsContainer
2023-10-26 12:15:16.360 [info] Added views:workbench.views.extensions.installed,workbench.views.extensions.popular,extensions.recommendedList in workbench.view.extensions
2023-10-26 12:15:16.366 [info] Removed views:workbench.views.extensions.popular from workbench.view.extensions
2023-10-26 12:15:16.669 [info] Added views:workbench.views.extensions.popular in workbench.view.extensions
2023-10-26 12:15:21.518 [info] Removed views:extensions.recommendedList,workbench.views.extensions.popular,workbench.views.extensions.installed from workbench.view.extensions
2023-10-26 12:15:21.533 [info] Added views:workbench.views.extensions.marketplace in workbench.view.extensions
